Wed Nov 27 08:31:29 IST 2019 : Apache Derby Network Server - 10.11.1.2 - (1629631) started and ready to accept connections on port 1527
----------------------------------------------------------------
Wed Nov 27 08:31:30 IST 2019:
Booting Derby version The Apache Software Foundation - Apache Derby - 10.11.1.2 - (1629631): instance a816c00e-016e-aace-7ab0-0000156f5949 
on database directory C:\Users\HP\Desktop\semester4\Semester 4 projects\2\admindata with class loader sun.misc.Launcher$AppClassLoader@6f94fa3e 
Loaded from file:/C:/Program%20Files/Java/jdk1.8.0_111/db/lib/derby.jar
java.vendor=Oracle Corporation
java.runtime.version=1.8.0_111-b14
user.dir=C:\Program Files\Java\jdk1.8.0_111\db
os.name=Windows 10
os.arch=amd64
os.version=10.0
derby.system.home=C:\Users\HP\Desktop\semester4\Semester 4 projects\2
Database Class Loader started - derby.database.classpath=''
----------------------------------------------------------------
Wed Nov 27 08:31:36 IST 2019:
Booting Derby version The Apache Software Foundation - Apache Derby - 10.11.1.2 - (1629631): instance 40a68025-016e-aace-7ab0-0000156f5949 
on database directory C:\Users\HP\Desktop\semester4\Semester 4 projects\2\busdata with class loader sun.misc.Launcher$AppClassLoader@6f94fa3e 
Loaded from file:/C:/Program%20Files/Java/jdk1.8.0_111/db/lib/derby.jar
java.vendor=Oracle Corporation
java.runtime.version=1.8.0_111-b14
user.dir=C:\Program Files\Java\jdk1.8.0_111\db
os.name=Windows 10
os.arch=amd64
os.version=10.0
derby.system.home=C:\Users\HP\Desktop\semester4\Semester 4 projects\2
Database Class Loader started - derby.database.classpath=''
